C:\MYDEV\THEFOXFRAMEWORK.OSC\PROJECT\DEBUG\LIBTHEFOX.LIB
C:\mydev\thefoxframework.osc\project\libthefox\Debug\cl.command.1.tlog
C:\mydev\thefoxframework.osc\project\libthefox\Debug\CL.read.1.tlog
C:\mydev\thefoxframework.osc\project\libthefox\Debug\CL.write.1.tlog
C:\MYDEV\THEFOXFRAMEWORK.OSC\PROJECT\LIBTHEFOX\DEBUG\EVENTLOOP.OBJ
C:\MYDEV\THEFOXFRAMEWORK.OSC\PROJECT\LIBTHEFOX\DEBUG\IOCP.OBJ
C:\mydev\thefoxframework.osc\project\libthefox\Debug\lib.command.1.tlog
C:\mydev\thefoxframework.osc\project\libthefox\Debug\Lib-link.read.1.tlog
C:\mydev\thefoxframework.osc\project\libthefox\Debug\Lib-link.write.1.tlog
C:\MYDEV\THEFOXFRAMEWORK.OSC\PROJECT\LIBTHEFOX\DEBUG\LOGFILE.OBJ
C:\MYDEV\THEFOXFRAMEWORK.OSC\PROJECT\LIBTHEFOX\DEBUG\LOGGER.OBJ
C:\MYDEV\THEFOXFRAMEWORK.OSC\PROJECT\LIBTHEFOX\DEBUG\LOGSTREAM.OBJ
C:\MYDEV\THEFOXFRAMEWORK.OSC\PROJECT\LIBTHEFOX\DEBUG\MQMANAGER.OBJ
C:\MYDEV\THEFOXFRAMEWORK.OSC\PROJECT\LIBTHEFOX\DEBUG\RPC.PB.OBJ
C:\MYDEV\THEFOXFRAMEWORK.OSC\PROJECT\LIBTHEFOX\DEBUG\RPCCHANNEL.OBJ
C:\MYDEV\THEFOXFRAMEWORK.OSC\PROJECT\LIBTHEFOX\DEBUG\RPCCLIENT.OBJ
C:\MYDEV\THEFOXFRAMEWORK.OSC\PROJECT\LIBTHEFOX\DEBUG\RPCCONTROLLER.OBJ
C:\MYDEV\THEFOXFRAMEWORK.OSC\PROJECT\LIBTHEFOX\DEBUG\RPCSERVER.OBJ
C:\MYDEV\THEFOXFRAMEWORK.OSC\PROJECT\LIBTHEFOX\DEBUG\RPCSERVICE.OBJ
C:\MYDEV\THEFOXFRAMEWORK.OSC\PROJECT\LIBTHEFOX\DEBUG\RPCSERVICEMANAGER.OBJ
C:\MYDEV\THEFOXFRAMEWORK.OSC\PROJECT\LIBTHEFOX\DEBUG\TCPCLIENT.OBJ
C:\MYDEV\THEFOXFRAMEWORK.OSC\PROJECT\LIBTHEFOX\DEBUG\TCPSERVER.OBJ
C:\MYDEV\THEFOXFRAMEWORK.OSC\PROJECT\LIBTHEFOX\DEBUG\TIMERQUEUE.OBJ
C:\mydev\thefoxframework.osc\project\libthefox\Debug\vc100.idb
C:\MYDEV\THEFOXFRAMEWORK.OSC\PROJECT\LIBTHEFOX\DEBUG\VC100.PDB
